# JRE version: Java(TM) SE Runtime Environment (8.0_51-b16) (build 1.8.0_51-b16)
# Java VM: Java HotSpot(TM) 64-Bit Server VM (25.51-b03 mixed mode bsd-amd64 compressed oops)
Heap:
 PSYoungGen      total 49664K, used 35646K [0x0000000795580000, 0x0000000799a00000, 0x00000007c0000000)
  eden space 31232K, 94% used [0x0000000795580000,0x0000000797251878,0x0000000797400000)
  from space 18432K, 33% used [0x0000000798800000,0x0000000798dfe030,0x0000000799a00000)
  to   space 19456K, 0% used [0x0000000797400000,0x0000000797400000,0x0000000798700000)
 ParOldGen       total 83456K, used 35103K [0x0000000740000000, 0x0000000745180000, 0x0000000795580000)
  object space 83456K, 42% used [0x0000000740000000,0x0000000742247d50,0x0000000745180000)
 Metaspace       used 27384K, capacity 28854K, committed 29184K, reserved 1075200K
  class space    used 3668K, capacity 3969K, committed 4096K, reserved 1048576K
GC Heap History (10 events):
Event: 76.251 GC heap before
{Heap before GC invocations=6 (full 1):
 PSYoungGen      total 38400K, used 38372K [0x0000000795580000, 0x0000000798000000, 0x00000007c0000000)
  eden space 33280K, 100% used [0x0000000795580000,0x0000000797600000,0x0000000797600000)
  from space 5120K, 99% used [0x0000000797b00000,0x0000000797ff9000,0x0000000798000000)
  to   space 5120K, 0% used [0x0000000797600000,0x0000000797600000,0x0000000797b00000)
 ParOldGen       total 40960K, used 19785K [0x0000000740000000, 0x0000000742800000, 0x0000000795580000)
  object space 40960K, 48% used [0x0000000740000000,0x00000007413526c8,0x0000000742800000)
 Metaspace       used 24703K, capacity 25840K, committed 25984K, reserved 1071104K
  class space    used 3420K, capacity 3666K, committed 3712K, reserved 1048576K
Event: 76.267 GC heap after
Heap after GC invocations=6 (full 1):
 PSYoungGen      total 37888K, used 5104K [0x0000000795580000, 0x0000000799f80000, 0x00000007c0000000)
  eden space 32768K, 0% used [0x0000000795580000,0x0000000795580000,0x0000000797580000)
  from space 5120K, 99% used [0x0000000797600000,0x0000000797afc220,0x0000000797b00000)
  to   space 21504K, 0% used [0x0000000798a80000,0x0000000798a80000,0x0000000799f80000)
 ParOldGen       total 40960K, used 31018K [0x0000000740000000, 0x0000000742800000, 0x0000000795580000)
  object space 40960K, 75% used [0x0000000740000000,0x0000000741e4a9d0,0x0000000742800000)
 Metaspace       used 24703K, capacity 25840K, committed 25984K, reserved 1071104K
  class space    used 3420K, capacity 3666K, committed 3712K, reserved 1048576K
}
Event: 76.267 GC heap before
{Heap before GC invocations=7 (full 2):
 PSYoungGen      total 37888K, used 5104K [0x0000000795580000, 0x0000000799f80000, 0x00000007c0000000)
  eden space 32768K, 0% used [0x0000000795580000,0x0000000795580000,0x0000000797580000)
  from space 5120K, 99% used [0x0000000797600000,0x0000000797afc220,0x0000000797b00000)
  to   space 21504K, 0% used [0x0000000798a80000,0x0000000798a80000,0x0000000799f80000)
 ParOldGen       total 40960K, used 31018K [0x0000000740000000, 0x0000000742800000, 0x0000000795580000)
  object space 40960K, 75% used [0x0000000740000000,0x0000000741e4a9d0,0x0000000742800000)
 Metaspace       used 24703K, capacity 25840K, committed 25984K, reserved 1071104K
  class space    used 3420K, capacity 3666K, committed 3712K, reserved 1048576K
Event: 76.379 GC heap after
Heap after GC invocations=7 (full 2):
 PSYoungGen      total 37888K, used 0K [0x0000000795580000, 0x0000000799f80000, 0x00000007c0000000)
  eden space 32768K, 0% used [0x0000000795580000,0x0000000795580000,0x0000000797580000)
  from space 5120K, 0% used [0x0000000797600000,0x0000000797600000,0x0000000797b00000)
  to   space 21504K, 0% used [0x0000000798a80000,0x0000000798a80000,0x0000000799f80000)
 ParOldGen       total 83456K, used 35087K [0x0000000740000000, 0x0000000745180000, 0x0000000795580000)
  object space 83456K, 42% used [0x0000000740000000,0x0000000742243d50,0x0000000745180000)
 Metaspace       used 24703K, capacity 25840K, committed 25984K, reserved 1071104K
  class space    used 3420K, capacity 3666K, committed 3712K, reserved 1048576K
}
Event: 82.528 GC heap before
{Heap before GC invocations=8 (full 2):
 PSYoungGen      total 37888K, used 32768K [0x0000000795580000, 0x0000000799f80000, 0x00000007c0000000)
  eden space 32768K, 100% used [0x0000000795580000,0x0000000797580000,0x0000000797580000)
  from space 5120K, 0% used [0x0000000797600000,0x0000000797600000,0x0000000797b00000)
  to   space 21504K, 0% used [0x0000000798a80000,0x0000000798a80000,0x0000000799f80000)
 ParOldGen       total 83456K, used 35087K [0x0000000740000000, 0x0000000745180000, 0x0000000795580000)
  object space 83456K, 42% used [0x0000000740000000,0x0000000742243d50,0x0000000745180000)
 Metaspace       used 26371K, capacity 27826K, committed 28032K, reserved 1073152K
  class space    used 3613K, capacity 3889K, committed 3968K, reserved 1048576K
Event: 82.543 GC heap after
Heap after GC invocations=8 (full 2):
 PSYoungGen      total 51200K, used 7916K [0x0000000795580000, 0x0000000799d00000, 0x00000007c0000000)
  eden space 32256K, 0% used [0x0000000795580000,0x0000000795580000,0x0000000797500000)
  from space 18944K, 41% used [0x0000000798a80000,0x000000079923b040,0x0000000799d00000)
  to   space 20480K, 0% used [0x0000000797500000,0x0000000797500000,0x0000000798900000)
 ParOldGen       total 83456K, used 35087K [0x0000000740000000, 0x0000000745180000, 0x0000000795580000)
  object space 83456K, 42% used [0x0000000740000000,0x0000000742243d50,0x0000000745180000)
 Metaspace       used 26371K, capacity 27826K, committed 28032K, reserved 1073152K
  class space    used 3613K, capacity 3889K, committed 3968K, reserved 1048576K
}
Event: 183.244 GC heap before
{Heap before GC invocations=9 (full 2):
 PSYoungGen      total 51200K, used 40172K [0x0000000795580000, 0x0000000799d00000, 0x00000007c0000000)
  eden space 32256K, 100% used [0x0000000795580000,0x0000000797500000,0x0000000797500000)
  from space 18944K, 41% used [0x0000000798a80000,0x000000079923b040,0x0000000799d00000)
  to   space 20480K, 0% used [0x0000000797500000,0x0000000797500000,0x0000000798900000)
 ParOldGen       total 83456K, used 35087K [0x0000000740000000, 0x0000000745180000, 0x0000000795580000)
  object space 83456K, 42% used [0x0000000740000000,0x0000000742243d50,0x0000000745180000)
 Metaspace       used 26932K, capacity 28404K, committed 28544K, reserved 1073152K
  class space    used 3634K, capacity 3926K, committed 3968K, reserved 1048576K
Event: 183.262 GC heap after
Heap after GC invocations=9 (full 2):
 PSYoungGen      total 37888K, used 5816K [0x0000000795580000, 0x0000000799b80000, 0x00000007c0000000)
  eden space 31744K, 0% used [0x0000000795580000,0x0000000795580000,0x0000000797480000)
  from space 6144K, 94% used [0x0000000797500000,0x0000000797aae030,0x0000000797b00000)
  to   space 19968K, 0% used [0x0000000798800000,0x0000000798800000,0x0000000799b80000)
 ParOldGen       total 83456K, used 35095K [0x0000000740000000, 0x0000000745180000, 0x0000000795580000)
  object space 83456K, 42% used [0x0000000740000000,0x0000000742245d50,0x0000000745180000)
 Metaspace       used 26932K, capacity 28404K, committed 28544K, reserved 1073152K
  class space    used 3634K, capacity 3926K, committed 3968K, reserved 1048576K
}
Event: 707.583 GC heap before
{Heap before GC invocations=10 (full 2):
 PSYoungGen      total 37888K, used 37560K [0x0000000795580000, 0x0000000799b80000, 0x00000007c0000000)
  eden space 31744K, 100% used [0x0000000795580000,0x0000000797480000,0x0000000797480000)
  from space 6144K, 94% used [0x0000000797500000,0x0000000797aae030,0x0000000797b00000)
  to   space 19968K, 0% used [0x0000000798800000,0x0000000798800000,0x0000000799b80000)
 ParOldGen       total 83456K, used 35095K [0x0000000740000000, 0x0000000745180000, 0x0000000795580000)
  object space 83456K, 42% used [0x0000000740000000,0x0000000742245d50,0x0000000745180000)
 Metaspace       used 27228K, capacity 28692K, committed 28800K, reserved 1075200K
  class space    used 3658K, capacity 3958K, committed 3968K, reserved 1048576K
Event: 707.594 GC heap after
Heap after GC invocations=10 (full 2):
 PSYoungGen      total 49664K, used 6136K [0x0000000795580000, 0x0000000799a00000, 0x00000007c0000000)
  eden space 31232K, 0% used [0x0000000795580000,0x0000000795580000,0x0000000797400000)
  from space 18432K, 33% used [0x0000000798800000,0x0000000798dfe030,0x0000000799a00000)
  to   space 19456K, 0% used [0x0000000797400000,0x0000000797400000,0x0000000798700000)
 ParOldGen       total 83456K, used 35103K [0x0000000740000000, 0x0000000745180000, 0x0000000795580000)
  object space 83456K, 42% used [0x0000000740000000,0x0000000742247d50,0x0000000745180000)
 Metaspace       used 27228K, capacity 28692K, committed 28800K, reserved 1075200K
  class space    used 3658K, capacity 3958K, committed 3968K, reserved 1048576K
}

