# JRE version: Java(TM) SE Runtime Environment (8.0_51-b16) (build 1.8.0_51-b16)
# Java VM: Java HotSpot(TM) 64-Bit Server VM (25.51-b03 mixed mode bsd-amd64 compressed oops)
Heap:
 PSYoungGen      total 66048K, used 25807K [0x0000000795580000, 0x000000079e180000, 0x00000007c0000000)
  eden space 41472K, 2% used [0x0000000795580000,0x00000007956b4f50,0x0000000797e00000)
  from space 24576K, 99% used [0x0000000797e00000,0x00000007995fece0,0x0000000799600000)
  to   space 36864K, 0% used [0x000000079bd80000,0x000000079bd80000,0x000000079e180000)
 ParOldGen       total 104448K, used 82817K [0x0000000740000000, 0x0000000746600000, 0x0000000795580000)
  object space 104448K, 79% used [0x0000000740000000,0x00000007450e07e0,0x0000000746600000)
 Metaspace       used 24581K, capacity 25705K, committed 25856K, reserved 1071104K
  class space    used 3298K, capacity 3534K, committed 3584K, reserved 1048576K
GC Heap History (10 events):
Event: 38.897 GC heap before
{Heap before GC invocations=5 (full 1):
 PSYoungGen      total 38400K, used 33190K [0x0000000795580000, 0x0000000798000000, 0x00000007c0000000)
  eden space 33280K, 99% used [0x0000000795580000,0x00000007975e9b90,0x0000000797600000)
  from space 5120K, 0% used [0x0000000797600000,0x0000000797600000,0x0000000797b00000)
  to   space 5120K, 0% used [0x0000000797b00000,0x0000000797b00000,0x0000000798000000)
 ParOldGen       total 40960K, used 6076K [0x0000000740000000, 0x0000000742800000, 0x0000000795580000)
  object space 40960K, 14% used [0x0000000740000000,0x00000007405ef3c0,0x0000000742800000)
 Metaspace       used 21699K, capacity 22753K, committed 23040K, reserved 1069056K
  class space    used 2976K, capacity 3213K, committed 3328K, reserved 1048576K
Event: 38.903 GC heap after
Heap after GC invocations=5 (full 1):
 PSYoungGen      total 38400K, used 5111K [0x0000000795580000, 0x0000000798000000, 0x00000007c0000000)
  eden space 33280K, 0% used [0x0000000795580000,0x0000000795580000,0x0000000797600000)
  from space 5120K, 99% used [0x0000000797b00000,0x0000000797ffddb0,0x0000000798000000)
  to   space 5120K, 0% used [0x0000000797600000,0x0000000797600000,0x0000000797b00000)
 ParOldGen       total 40960K, used 16192K [0x0000000740000000, 0x0000000742800000, 0x0000000795580000)
  object space 40960K, 39% used [0x0000000740000000,0x0000000740fd0260,0x0000000742800000)
 Metaspace       used 21699K, capacity 22753K, committed 23040K, reserved 1069056K
  class space    used 2976K, capacity 3213K, committed 3328K, reserved 1048576K
}
Event: 43.132 GC heap before
{Heap before GC invocations=6 (full 2):
 PSYoungGen      total 38400K, used 38391K [0x0000000795580000, 0x0000000798000000, 0x00000007c0000000)
  eden space 33280K, 100% used [0x0000000795580000,0x0000000797600000,0x0000000797600000)
  from space 5120K, 99% used [0x0000000797b00000,0x0000000797ffddb0,0x0000000798000000)
  to   space 5120K, 0% used [0x0000000797600000,0x0000000797600000,0x0000000797b00000)
 ParOldGen       total 40960K, used 32396K [0x0000000740000000, 0x0000000742800000, 0x0000000795580000)
  object space 40960K, 79% used [0x0000000740000000,0x0000000741fa3148,0x0000000742800000)
 Metaspace       used 21815K, capacity 22897K, committed 23040K, reserved 1069056K
  class space    used 2976K, capacity 3213K, committed 3328K, reserved 1048576K
Event: 43.209 GC heap after
Heap after GC invocations=6 (full 2):
 PSYoungGen      total 38400K, used 9474K [0x0000000795580000, 0x0000000798000000, 0x00000007c0000000)
  eden space 33280K, 28% used [0x0000000795580000,0x0000000795ec0a90,0x0000000797600000)
  from space 5120K, 0% used [0x0000000797b00000,0x0000000797b00000,0x0000000798000000)
  to   space 5120K, 0% used [0x0000000797600000,0x0000000797600000,0x0000000797b00000)
 ParOldGen       total 104448K, used 40520K [0x0000000740000000, 0x0000000746600000, 0x0000000795580000)
  object space 104448K, 38% used [0x0000000740000000,0x0000000742792360,0x0000000746600000)
 Metaspace       used 21815K, capacity 22897K, committed 23040K, reserved 1069056K
  class space    used 2976K, capacity 3213K, committed 3328K, reserved 1048576K
}
Event: 43.432 GC heap before
{Heap before GC invocations=7 (full 2):
 PSYoungGen      total 38400K, used 32744K [0x0000000795580000, 0x0000000798000000, 0x00000007c0000000)
  eden space 33280K, 98% used [0x0000000795580000,0x000000079757a070,0x0000000797600000)
  from space 5120K, 0% used [0x0000000797b00000,0x0000000797b00000,0x0000000798000000)
  to   space 5120K, 0% used [0x0000000797600000,0x0000000797600000,0x0000000797b00000)
 ParOldGen       total 104448K, used 40520K [0x0000000740000000, 0x0000000746600000, 0x0000000795580000)
  object space 104448K, 38% used [0x0000000740000000,0x0000000742792360,0x0000000746600000)
 Metaspace       used 22195K, capacity 23227K, committed 23552K, reserved 1069056K
  class space    used 2999K, capacity 3214K, committed 3328K, reserved 1048576K
Event: 43.443 GC heap after
Heap after GC invocations=7 (full 2):
 PSYoungGen      total 38400K, used 5106K [0x0000000795580000, 0x000000079aa80000, 0x00000007c0000000)
  eden space 33280K, 0% used [0x0000000795580000,0x0000000795580000,0x0000000797600000)
  from space 5120K, 99% used [0x0000000797600000,0x0000000797afc810,0x0000000797b00000)
  to   space 20992K, 0% used [0x0000000799600000,0x0000000799600000,0x000000079aa80000)
 ParOldGen       total 104448K, used 54318K [0x0000000740000000, 0x0000000746600000, 0x0000000795580000)
  object space 104448K, 52% used [0x0000000740000000,0x000000074350bae8,0x0000000746600000)
 Metaspace       used 22195K, capacity 23227K, committed 23552K, reserved 1069056K
  class space    used 2999K, capacity 3214K, committed 3328K, reserved 1048576K
}
Event: 43.610 GC heap before
{Heap before GC invocations=8 (full 2):
 PSYoungGen      total 38400K, used 36437K [0x0000000795580000, 0x000000079aa80000, 0x00000007c0000000)
  eden space 33280K, 94% used [0x0000000795580000,0x0000000797418ea0,0x0000000797600000)
  from space 5120K, 99% used [0x0000000797600000,0x0000000797afc810,0x0000000797b00000)
  to   space 20992K, 0% used [0x0000000799600000,0x0000000799600000,0x000000079aa80000)
 ParOldGen       total 104448K, used 57018K [0x0000000740000000, 0x0000000746600000, 0x0000000795580000)
  object space 104448K, 54% used [0x0000000740000000,0x00000007437aeaf8,0x0000000746600000)
 Metaspace       used 22227K, capacity 23291K, committed 23552K, reserved 1069056K
  class space    used 2999K, capacity 3214K, committed 3328K, reserved 1048576K
Event: 43.624 GC heap after
Heap after GC invocations=8 (full 2):
 PSYoungGen      total 62464K, used 19477K [0x0000000795580000, 0x000000079be00000, 0x00000007c0000000)
  eden space 41472K, 0% used [0x0000000795580000,0x0000000795580000,0x0000000797e00000)
  from space 20992K, 92% used [0x0000000799600000,0x000000079a9055f0,0x000000079aa80000)
  to   space 24576K, 0% used [0x0000000797e00000,0x0000000797e00000,0x0000000799600000)
 ParOldGen       total 104448K, used 66150K [0x0000000740000000, 0x0000000746600000, 0x0000000795580000)
  object space 104448K, 63% used [0x0000000740000000,0x0000000744099b18,0x0000000746600000)
 Metaspace       used 22227K, capacity 23291K, committed 23552K, reserved 1069056K
  class space    used 2999K, capacity 3214K, committed 3328K, reserved 1048576K
}
Event: 53.384 GC heap before
{Heap before GC invocations=9 (full 2):
 PSYoungGen      total 62464K, used 60949K [0x0000000795580000, 0x000000079be00000, 0x00000007c0000000)
  eden space 41472K, 100% used [0x0000000795580000,0x0000000797e00000,0x0000000797e00000)
  from space 20992K, 92% used [0x0000000799600000,0x000000079a9055f0,0x000000079aa80000)
  to   space 24576K, 0% used [0x0000000797e00000,0x0000000797e00000,0x0000000799600000)
 ParOldGen       total 104448K, used 68441K [0x0000000740000000, 0x0000000746600000, 0x0000000795580000)
  object space 104448K, 65% used [0x0000000740000000,0x00000007442d6630,0x0000000746600000)
 Metaspace       used 24544K, capacity 25655K, committed 25856K, reserved 1071104K
  class space    used 3291K, capacity 3523K, committed 3584K, reserved 1048576K
Event: 53.403 GC heap after
Heap after GC invocations=9 (full 2):
 PSYoungGen      total 66048K, used 24571K [0x0000000795580000, 0x000000079e180000, 0x00000007c0000000)
  eden space 41472K, 0% used [0x0000000795580000,0x0000000795580000,0x0000000797e00000)
  from space 24576K, 99% used [0x0000000797e00000,0x00000007995fece0,0x0000000799600000)
  to   space 36864K, 0% used [0x000000079bd80000,0x000000079bd80000,0x000000079e180000)
 ParOldGen       total 104448K, used 82817K [0x0000000740000000, 0x0000000746600000, 0x0000000795580000)
  object space 104448K, 79% used [0x0000000740000000,0x00000007450e07e0,0x0000000746600000)
 Metaspace       used 24544K, capacity 25655K, committed 25856K, reserved 1071104K
  class space    used 3291K, capacity 3523K, committed 3584K, reserved 1048576K
}

