# JRE version: Java(TM) SE Runtime Environment (8.0_51-b16) (build 1.8.0_51-b16)
# Java VM: Java HotSpot(TM) 64-Bit Server VM (25.51-b03 mixed mode bsd-amd64 compressed oops)
Heap:
 PSYoungGen      total 71680K, used 46876K [0x0000000795580000, 0x000000079f680000, 0x00000007c0000000)
  eden space 66560K, 62% used [0x0000000795580000,0x0000000797e48008,0x0000000799680000)
  from space 5120K, 99% used [0x0000000799680000,0x0000000799b7f240,0x0000000799b80000)
  to   space 30208K, 0% used [0x000000079d900000,0x000000079d900000,0x000000079f680000)
 ParOldGen       total 143360K, used 47540K [0x0000000740000000, 0x0000000748c00000, 0x0000000795580000)
  object space 143360K, 33% used [0x0000000740000000,0x0000000742e6d288,0x0000000748c00000)
 Metaspace       used 24888K, capacity 26080K, committed 26112K, reserved 1071104K
  class space    used 3318K, capacity 3583K, committed 3584K, reserved 1048576K
GC Heap History (10 events):
Event: 5.791 GC heap before
{Heap before GC invocations=3 (full 0):
 PSYoungGen      total 38400K, used 13893K [0x0000000795580000, 0x0000000798000000, 0x00000007c0000000)
  eden space 33280K, 26% used [0x0000000795580000,0x0000000795e12430,0x0000000797600000)
  from space 5120K, 99% used [0x0000000797b00000,0x0000000797fff120,0x0000000798000000)
  to   space 5120K, 0% used [0x0000000797600000,0x0000000797600000,0x0000000797b00000)
 ParOldGen       total 87552K, used 1900K [0x0000000740000000, 0x0000000745580000, 0x0000000795580000)
  object space 87552K, 2% used [0x0000000740000000,0x00000007401db338,0x0000000745580000)
 Metaspace       used 20244K, capacity 21130K, committed 21248K, reserved 1067008K
  class space    used 2779K, capacity 2995K, committed 3072K, reserved 1048576K
Event: 5.797 GC heap after
Heap after GC invocations=3 (full 0):
 PSYoungGen      total 38400K, used 5113K [0x0000000795580000, 0x000000079a080000, 0x00000007c0000000)
  eden space 33280K, 0% used [0x0000000795580000,0x0000000795580000,0x0000000797600000)
  from space 5120K, 99% used [0x0000000797600000,0x0000000797afe4d0,0x0000000797b00000)
  to   space 5120K, 0% used [0x0000000799b80000,0x0000000799b80000,0x000000079a080000)
 ParOldGen       total 87552K, used 2604K [0x0000000740000000, 0x0000000745580000, 0x0000000795580000)
  object space 87552K, 2% used [0x0000000740000000,0x000000074028b0e8,0x0000000745580000)
 Metaspace       used 20244K, capacity 21130K, committed 21248K, reserved 1067008K
  class space    used 2779K, capacity 2995K, committed 3072K, reserved 1048576K
}
Event: 5.797 GC heap before
{Heap before GC invocations=4 (full 1):
 PSYoungGen      total 38400K, used 5113K [0x0000000795580000, 0x000000079a080000, 0x00000007c0000000)
  eden space 33280K, 0% used [0x0000000795580000,0x0000000795580000,0x0000000797600000)
  from space 5120K, 99% used [0x0000000797600000,0x0000000797afe4d0,0x0000000797b00000)
  to   space 5120K, 0% used [0x0000000799b80000,0x0000000799b80000,0x000000079a080000)
 ParOldGen       total 87552K, used 2604K [0x0000000740000000, 0x0000000745580000, 0x0000000795580000)
  object space 87552K, 2% used [0x0000000740000000,0x000000074028b0e8,0x0000000745580000)
 Metaspace       used 20244K, capacity 21130K, committed 21248K, reserved 1067008K
  class space    used 2779K, capacity 2995K, committed 3072K, reserved 1048576K
Event: 5.826 GC heap after
Heap after GC invocations=4 (full 1):
 PSYoungGen      total 38400K, used 0K [0x0000000795580000, 0x000000079a080000, 0x00000007c0000000)
  eden space 33280K, 0% used [0x0000000795580000,0x0000000795580000,0x0000000797600000)
  from space 5120K, 0% used [0x0000000797600000,0x0000000797600000,0x0000000797b00000)
  to   space 5120K, 0% used [0x0000000799b80000,0x0000000799b80000,0x000000079a080000)
 ParOldGen       total 49152K, used 5586K [0x0000000740000000, 0x0000000743000000, 0x0000000795580000)
  object space 49152K, 11% used [0x0000000740000000,0x0000000740574850,0x0000000743000000)
 Metaspace       used 20244K, capacity 21130K, committed 21248K, reserved 1067008K
  class space    used 2779K, capacity 2995K, committed 3072K, reserved 1048576K
}
Event: 6.164 GC heap before
{Heap before GC invocations=5 (full 1):
 PSYoungGen      total 38400K, used 33233K [0x0000000795580000, 0x000000079a080000, 0x00000007c0000000)
  eden space 33280K, 99% used [0x0000000795580000,0x00000007975f4550,0x0000000797600000)
  from space 5120K, 0% used [0x0000000797600000,0x0000000797600000,0x0000000797b00000)
  to   space 5120K, 0% used [0x0000000799b80000,0x0000000799b80000,0x000000079a080000)
 ParOldGen       total 49152K, used 5586K [0x0000000740000000, 0x0000000743000000, 0x0000000795580000)
  object space 49152K, 11% used [0x0000000740000000,0x0000000740574850,0x0000000743000000)
 Metaspace       used 21343K, capacity 22420K, committed 22784K, reserved 1069056K
  class space    used 2970K, capacity 3212K, committed 3328K, reserved 1048576K
Event: 6.171 GC heap after
Heap after GC invocations=5 (full 1):
 PSYoungGen      total 64000K, used 4921K [0x0000000795580000, 0x000000079a080000, 0x00000007c0000000)
  eden space 58880K, 0% used [0x0000000795580000,0x0000000795580000,0x0000000798f00000)
  from space 5120K, 96% used [0x0000000799b80000,0x000000079a04e760,0x000000079a080000)
  to   space 5120K, 0% used [0x0000000799680000,0x0000000799680000,0x0000000799b80000)
 ParOldGen       total 49152K, used 14250K [0x0000000740000000, 0x0000000743000000, 0x0000000795580000)
  object space 49152K, 28% used [0x0000000740000000,0x0000000740deab60,0x0000000743000000)
 Metaspace       used 21343K, capacity 22420K, committed 22784K, reserved 1069056K
  class space    used 2970K, capacity 3212K, committed 3328K, reserved 1048576K
}
Event: 7.258 GC heap before
{Heap before GC invocations=6 (full 1):
 PSYoungGen      total 64000K, used 63801K [0x0000000795580000, 0x000000079a080000, 0x00000007c0000000)
  eden space 58880K, 100% used [0x0000000795580000,0x0000000798f00000,0x0000000798f00000)
  from space 5120K, 96% used [0x0000000799b80000,0x000000079a04e760,0x000000079a080000)
  to   space 5120K, 0% used [0x0000000799680000,0x0000000799680000,0x0000000799b80000)
 ParOldGen       total 49152K, used 14250K [0x0000000740000000, 0x0000000743000000, 0x0000000795580000)
  object space 49152K, 28% used [0x0000000740000000,0x0000000740deab60,0x0000000743000000)
 Metaspace       used 23326K, capacity 24378K, committed 24576K, reserved 1071104K
  class space    used 3219K, capacity 3474K, committed 3584K, reserved 1048576K
Event: 7.275 GC heap after
Heap after GC invocations=6 (full 1):
 PSYoungGen      total 71680K, used 5116K [0x0000000795580000, 0x000000079f680000, 0x00000007c0000000)
  eden space 66560K, 0% used [0x0000000795580000,0x0000000795580000,0x0000000799680000)
  from space 5120K, 99% used [0x0000000799680000,0x0000000799b7f3a0,0x0000000799b80000)
  to   space 30208K, 0% used [0x000000079d900000,0x000000079d900000,0x000000079f680000)
 ParOldGen       total 49152K, used 48181K [0x0000000740000000, 0x0000000743000000, 0x0000000795580000)
  object space 49152K, 98% used [0x0000000740000000,0x0000000742f0d4a0,0x0000000743000000)
 Metaspace       used 23326K, capacity 24378K, committed 24576K, reserved 1071104K
  class space    used 3219K, capacity 3474K, committed 3584K, reserved 1048576K
}
Event: 7.275 GC heap before
{Heap before GC invocations=7 (full 2):
 PSYoungGen      total 71680K, used 5116K [0x0000000795580000, 0x000000079f680000, 0x00000007c0000000)
  eden space 66560K, 0% used [0x0000000795580000,0x0000000795580000,0x0000000799680000)
  from space 5120K, 99% used [0x0000000799680000,0x0000000799b7f3a0,0x0000000799b80000)
  to   space 30208K, 0% used [0x000000079d900000,0x000000079d900000,0x000000079f680000)
 ParOldGen       total 49152K, used 48181K [0x0000000740000000, 0x0000000743000000, 0x0000000795580000)
  object space 49152K, 98% used [0x0000000740000000,0x0000000742f0d4a0,0x0000000743000000)
 Metaspace       used 23326K, capacity 24378K, committed 24576K, reserved 1071104K
  class space    used 3219K, capacity 3474K, committed 3584K, reserved 1048576K
Event: 7.350 GC heap after
Heap after GC invocations=7 (full 2):
 PSYoungGen      total 71680K, used 5116K [0x0000000795580000, 0x000000079f680000, 0x00000007c0000000)
  eden space 66560K, 0% used [0x0000000795580000,0x0000000795580000,0x0000000799680000)
  from space 5120K, 99% used [0x0000000799680000,0x0000000799b7f240,0x0000000799b80000)
  to   space 30208K, 0% used [0x000000079d900000,0x000000079d900000,0x000000079f680000)
 ParOldGen       total 143360K, used 47540K [0x0000000740000000, 0x0000000748c00000, 0x0000000795580000)
  object space 143360K, 33% used [0x0000000740000000,0x0000000742e6d288,0x0000000748c00000)
 Metaspace       used 23326K, capacity 24378K, committed 24576K, reserved 1071104K
  class space    used 3219K, capacity 3474K, committed 3584K, reserved 1048576K
}

